
> in.vester.app@1.0.0 build
> react-scripts build

node:internal/modules/cjs/loader:1404
  throw err;
  ^

Error: Cannot find module 'ajv/dist/compile/codegen'
Require stack:
- C:\Users\Mark\Documents\Rasberry Pi Tools\invester\node_modules\ajv-keywords\dist\definitions\typeof.js
- C:\Users\Mark\Documents\Rasberry Pi Tools\invester\node_modules\ajv-keywords\dist\keywords\typeof.js
- C:\Users\Mark\Documents\Rasberry Pi Tools\invester\node_modules\ajv-keywords\dist\keywords\index.js
- C:\Users\Mark\Documents\Rasberry Pi Tools\invester\node_modules\ajv-keywords\dist\index.js
- C:\Users\Mark\Documents\Rasberry Pi Tools\invester\node_modules\schema-utils\dist\validate.js
- C:\Users\Mark\Documents\Rasberry Pi Tools\invester\node_modules\schema-utils\dist\index.js
- C:\Users\Mark\Documents\Rasberry Pi Tools\invester\node_modules\terser-webpack-plugin\dist\index.js
- C:\Users\Mark\Documents\Rasberry Pi Tools\invester\node_modules\react-scripts\config\webpack.config.js
- C:\Users\Mark\Documents\Rasberry Pi Tools\invester\node_modules\react-scripts\scripts\build.js
    at Function._resolveFilename (node:internal/modules/cjs/loader:1401:15)
    at defaultResolveImpl (node:internal/modules/cjs/loader:1057:19)
    at resolveForCJSWithHooks (node:internal/modules/cjs/loader:1062:22)
    at Function._load (node:internal/modules/cjs/loader:1211:37)
    at TracingChannel.traceSync (node:diagnostics_channel:322:14)
    at wrapModuleLoad (node:internal/modules/cjs/loader:235:24)
    at Module.require (node:internal/modules/cjs/loader:1487:12)
    at require (node:internal/modules/helpers:135:16)
    at Object.<anonymous> (C:\Users\Mark\Documents\Rasberry Pi Tools\invester\node_modules\ajv-keywords\dist\definitions\typeof.js:3:19)
    at Module._compile (node:internal/modules/cjs/loader:1730:14) {
  code: 'MODULE_NOT_FOUND',
  requireStack: [
    'C:\\Users\\Mark\\Documents\\Rasberry Pi Tools\\invester\\node_modules\\ajv-keywords\\dist\\definitions\\typeof.js',
    'C:\\Users\\Mark\\Documents\\Rasberry Pi Tools\\invester\\node_modules\\ajv-keywords\\dist\\keywords\\typeof.js',
    'C:\\Users\\Mark\\Documents\\Rasberry Pi Tools\\invester\\node_modules\\ajv-keywords\\dist\\keywords\\index.js',
    'C:\\Users\\Mark\\Documents\\Rasberry Pi Tools\\invester\\node_modules\\ajv-keywords\\dist\\index.js',
    'C:\\Users\\Mark\\Documents\\Rasberry Pi Tools\\invester\\node_modules\\schema-utils\\dist\\validate.js',
    'C:\\Users\\Mark\\Documents\\Rasberry Pi Tools\\invester\\node_modules\\schema-utils\\dist\\index.js',
    'C:\\Users\\Mark\\Documents\\Rasberry Pi Tools\\invester\\node_modules\\terser-webpack-plugin\\dist\\index.js',
    'C:\\Users\\Mark\\Documents\\Rasberry Pi Tools\\invester\\node_modules\\react-scripts\\config\\webpack.config.js',
    'C:\\Users\\Mark\\Documents\\Rasberry Pi Tools\\invester\\node_modules\\react-scripts\\scripts\\build.js'
  ]
}

Node.js v22.17.1
